<?xml version="1.0" encoding="UTF-8"?>
<testsuite name="StatementPrinterTests" tests="2" skipped="0" failures="0" errors="0" timestamp="2023-10-26T10:54:24" hostname="AMAL_GOURRI" time="0.755">
  <properties/>
  <testcase name="exampleStatement2()" classname="StatementPrinterTests" time="0.564"/>
  <testcase name="exampleStatement()" classname="StatementPrinterTests" time="0.189"/>
  <system-out><![CDATA[]]></system-out>
  <system-err><![CDATA[]]></system-err>
</testsuite>
