<?xml version="1.0" encoding="UTF-8"?>
<testsuite name="StatementPrinterTests" tests="2" skipped="0" failures="0" errors="0" timestamp="2023-10-27T13:22:26" hostname="AMAL_GOURRI" time="0.619">
  <properties/>
  <testcase name="exampleStatement2()" classname="StatementPrinterTests" time="0.49"/>
  <testcase name="exampleStatement()" classname="StatementPrinterTests" time="0.128"/>
  <system-out><![CDATA[]]></system-out>
  <system-err><![CDATA[]]></system-err>
</testsuite>
