<?xml version="1.0" encoding="UTF-8"?>
<testsuite name="StatementPrinterTests" tests="2" skipped="0" failures="0" errors="0" timestamp="2023-10-27T12:28:57" hostname="AMAL_GOURRI" time="0.603">
  <properties/>
  <testcase name="exampleStatement2()" classname="StatementPrinterTests" time="0.475"/>
  <testcase name="exampleStatement()" classname="StatementPrinterTests" time="0.126"/>
  <system-out><![CDATA[]]></system-out>
  <system-err><![CDATA[]]></system-err>
</testsuite>
