<?xml version="1.0" encoding="UTF-8"?>
<testsuite name="StatementPrinterTests" tests="6" skipped="0" failures="0" errors="0" timestamp="2023-10-30T08:40:32" hostname="AMAL_GOURRI" time="0.406">
  <properties/>
  <testcase name="exampleStatement2()" classname="StatementPrinterTests" time="0.297"/>
  <testcase name="exampleStatement()" classname="StatementPrinterTests" time="0.08"/>
  <testcase name="testGetCustomerNumber()" classname="StatementPrinterTests" time="0.014"/>
  <testcase name="testAddReductionToHtmlToText()" classname="StatementPrinterTests" time="0.006"/>
  <testcase name="testDeductLoyaltyPointsInsufficientPoints()" classname="StatementPrinterTests" time="0.001"/>
  <testcase name="testCalculateInvoiceWithReduction()" classname="StatementPrinterTests" time="0.001"/>
  <system-out><![CDATA[]]></system-out>
  <system-err><![CDATA[]]></system-err>
</testsuite>
