<?xml version="1.0" encoding="UTF-8"?>
<testsuite name="StatementPrinterTests" tests="2" skipped="0" failures="0" errors="0" timestamp="2023-10-23T06:48:56" hostname="AMAL_GOURRI" time="0.552">
  <properties/>
  <testcase name="exampleStatement()" classname="StatementPrinterTests" time="0.532"/>
  <testcase name="statementWithNewPlayTypes()" classname="StatementPrinterTests" time="0.017"/>
  <system-out><![CDATA[]]></system-out>
  <system-err><![CDATA[]]></system-err>
</testsuite>
