<?xml version="1.0" encoding="UTF-8"?>
<testsuite name="StatementPrinterTests" tests="1" skipped="0" failures="0" errors="0" timestamp="2023-10-23T06:52:45" hostname="AMAL_GOURRI" time="0.517">
  <properties/>
  <testcase name="exampleStatement()" classname="StatementPrinterTests" time="0.517"/>
  <system-out><![CDATA[]]></system-out>
  <system-err><![CDATA[]]></system-err>
</testsuite>
