<?xml version="1.0" encoding="UTF-8"?>
<testsuite name="StatementPrinterTests" tests="2" skipped="0" failures="0" errors="0" timestamp="2023-10-23T06:47:06" hostname="AMAL_GOURRI" time="0.466">
  <properties/>
  <testcase name="exampleStatement()" classname="StatementPrinterTests" time="0.453"/>
  <testcase name="statementWithNewPlayTypes()" classname="StatementPrinterTests" time="0.012"/>
  <system-out><![CDATA[]]></system-out>
  <system-err><![CDATA[]]></system-err>
</testsuite>
